[debug] [2024-08-19T16:25:57.761Z] ----------------------------------------------------------------------
[debug] [2024-08-19T16:25:57.763Z] Command:       /usr/local/bin/node /usr/local/bin/firebase init
[debug] [2024-08-19T16:25:57.763Z] CLI Version:   11.16.0
[debug] [2024-08-19T16:25:57.763Z] Platform:      darwin
[debug] [2024-08-19T16:25:57.763Z] Node Version:  v20.13.1
[debug] [2024-08-19T16:25:57.763Z] Time:          Mon Aug 19 2024 12:25:57 GMT-0400 (Eastern Daylight Time)
[debug] [2024-08-19T16:25:57.763Z] ----------------------------------------------------------------------
[debug] 
[debug] [2024-08-19T16:25:57.800Z] > command requires scopes: ["email","openid","https://www.googleapis.com/auth/cloudplatformprojects.readonly","https://www.googleapis.com/auth/firebase","https://www.googleapis.com/auth/cloud-platform"]
[debug] [2024-08-19T16:25:57.800Z] > authorizing via signed-in user (loukayviac@gmail.com)
[info] 
     ######## #### ########  ######## ########     ###     ######  ########
     ##        ##  ##     ## ##       ##     ##  ##   ##  ##       ##
     ######    ##  ########  ######   ########  #########  ######  ######
     ##        ##  ##    ##  ##       ##     ## ##     ##       ## ##
     ##       #### ##     ## ######## ########  ##     ##  ######  ########

You're about to initialize a Firebase project in this directory:

  /Users/loukayvia/Desktop/portfolio

Before we get started, keep in mind:

  * You are initializing within an existing Firebase project directory

[info] 
=== Project Setup
[info] 
[info] First, let's associate this project directory with a Firebase project.
[info] You can create multiple project aliases by running firebase use --add, 
[info] but for now we'll just set up a default project.
[info] 
[debug] [2024-08-19T16:26:01.971Z] Using project from CLI flag: jcpojec3
[debug] [2024-08-19T16:26:01.974Z] >>> [apiv2][query] GET https://firebase.googleapis.com/v1beta1/projects/jcpojec3 [none]
[debug] [2024-08-19T16:26:02.661Z] <<< [apiv2][status] GET https://firebase.googleapis.com/v1beta1/projects/jcpojec3 200
[debug] [2024-08-19T16:26:02.661Z] <<< [apiv2][body] GET https://firebase.googleapis.com/v1beta1/projects/jcpojec3 {"projectId":"jcpojec3","projectNumber":"437107443051","displayName":"jcpojec3","name":"projects/jcpojec3","resources":{"hostingSite":"jcpojec3","realtimeDatabaseInstance":"jcpojec3-default-rtdb","storageBucket":"jcpojec3.appspot.com","locationId":"us-central"},"state":"ACTIVE","etag":"1_c7943f69-2c2b-4e46-b13e-c627c72d192a"}
[info] i  Using project jcpojec3 (jcpojec3) 
[info] 
=== Hosting Setup
[info] 
[info] Your public directory is the folder (relative to your project directory) that
[info] will contain Hosting assets to be uploaded with firebase deploy. If you
[info] have a build process for your assets, use your build's output directory.
[info] 
[info] ✔  Wrote build/404.html 
[debug] [2024-08-19T16:26:34.396Z] >>> [apiv2][query] GET https://www.gstatic.com/firebasejs/releases.json [none]
[debug] [2024-08-19T16:26:34.715Z] <<< [apiv2][status] GET https://www.gstatic.com/firebasejs/releases.json 200
[debug] [2024-08-19T16:26:34.715Z] <<< [apiv2][body] GET https://www.gstatic.com/firebasejs/releases.json {"current":{"version":"10.13.0","browserURL":"https://www.gstatic.com/firebasejs/10.13.0/firebase.js","packageURL":"https://www.gstatic.com/firebasejs/10.13.0/firebase.tgz"},"live":{"version":"10.13","browserURL":"https://www.gstatic.com/firebasejs/live/10.13/firebase.js","packageURL":"https://www.gstatic.com/firebasejs/live/10.13/firebase.tgz"},"components":{"analytics":"https://www.gstatic.com/firebasejs/10.13.0/firebase-analytics.js","app":"https://www.gstatic.com/firebasejs/10.13.0/firebase-app.js","app-check":"https://www.gstatic.com/firebasejs/10.13.0/firebase-app-check.js","auth":"https://www.gstatic.com/firebasejs/10.13.0/firebase-auth.js","auth/cordova":"https://www.gstatic.com/firebasejs/10.13.0/firebase-auth/cordova.js","auth/web-extension":"https://www.gstatic.com/firebasejs/10.13.0/firebase-auth/web-extension.js","functions":"https://www.gstatic.com/firebasejs/10.13.0/firebase-functions.js","firestore":"https://www.gstatic.com/firebasejs/10.13.0/firebase-firestore.js","firestore/lite":"https://www.gstatic.com/firebasejs/10.13.0/firebase-firestore/lite.js","installations":"https://www.gstatic.com/firebasejs/10.13.0/firebase-installations.js","storage":"https://www.gstatic.com/firebasejs/10.13.0/firebase-storage.js","performance":"https://www.gstatic.com/firebasejs/10.13.0/firebase-performance.js","remote-config":"https://www.gstatic.com/firebasejs/10.13.0/firebase-remote-config.js","messaging":"https://www.gstatic.com/firebasejs/10.13.0/firebase-messaging.js","messaging/sw":"https://www.gstatic.com/firebasejs/10.13.0/firebase-messaging/sw.js","database":"https://www.gstatic.com/firebasejs/10.13.0/firebase-database.js","vertexai-preview":"https://www.gstatic.com/firebasejs/10.13.0/firebase-vertexai-preview.js","firestore.memory":"https://www.gstatic.com/firebasejs/10.13.0/firebase-firestore.memory.js"}}
[info] i  Skipping write of build/index.html 
[info] 
[info] i  Writing configuration info to firebase.json... 
[debug] [2024-08-19T16:26:44.340Z] Error: EACCES: permission denied, open '/Users/loukayvia/Desktop/portfolio/firebase.json'
    at Object.writeFileSync (node:fs:2346:20)
    at Config.writeProjectFile (/usr/local/lib/node_modules/firebase-tools/lib/config.js:153:12)
    at /usr/local/lib/node_modules/firebase-tools/lib/commands/init.js:170:16
    at process.processTicksAndRejections (node:internal/process/task_queues:95:5)
[error] 
[error] Error: An unexpected error has occurred.
